<?xml version="1.0" encoding="UTF-8"?>
<testng-results ignored="0" total="3" passed="3" failed="0" skipped="0">
  <reporter-output>
  </reporter-output>
  <suite started-at="2022-01-05T16:52:27 GMT" name="All Test Suite" finished-at="2022-01-05T16:52:41 GMT" duration-ms="13883">
    <groups>
    </groups>
    <test started-at="2022-01-05T16:52:27 GMT" name="C:/Users/RamanaSametta/IdeaProjects/JenkinDemo2" finished-at="2022-01-05T16:52:41 GMT" duration-ms="13883">
      <class name="com.test.SampleTest">
        <test-method is-config="true" signature="setup()[pri:0, instance:com.test.SampleTest@12e61fe6]" started-at="2022-01-05T16:52:27 GMT" name="setup" finished-at="2022-01-05T16:52:32 GMT" duration-ms="5148" status="PASS">
          <reporter-output>
          </reporter-output>
        </test-method> <!-- setup -->
        <test-method signature="testCase1()[pri:0, instance:com.test.SampleTest@12e61fe6]" started-at="2022-01-05T16:52:32 GMT" name="testCase1" finished-at="2022-01-05T16:52:32 GMT" duration-ms="2" status="PASS">
          <reporter-output>
          </reporter-output>
        </test-method> <!-- testCase1 -->
        <test-method is-config="true" signature="tearDown()[pri:0, instance:com.test.SampleTest@12e61fe6]" started-at="2022-01-05T16:52:32 GMT" name="tearDown" finished-at="2022-01-05T16:52:32 GMT" duration-ms="86" status="PASS">
          <reporter-output>
          </reporter-output>
        </test-method> <!-- tearDown -->
        <test-method is-config="true" signature="setup()[pri:0, instance:com.test.SampleTest@12e61fe6]" started-at="2022-01-05T16:52:32 GMT" name="setup" finished-at="2022-01-05T16:52:36 GMT" duration-ms="4207" status="PASS">
          <reporter-output>
          </reporter-output>
        </test-method> <!-- setup -->
        <test-method signature="testCase2()[pri:0, instance:com.test.SampleTest@12e61fe6]" started-at="2022-01-05T16:52:36 GMT" name="testCase2" finished-at="2022-01-05T16:52:36 GMT" duration-ms="0" status="PASS">
          <reporter-output>
          </reporter-output>
        </test-method> <!-- testCase2 -->
        <test-method is-config="true" signature="tearDown()[pri:0, instance:com.test.SampleTest@12e61fe6]" started-at="2022-01-05T16:52:36 GMT" name="tearDown" finished-at="2022-01-05T16:52:36 GMT" duration-ms="71" status="PASS">
          <reporter-output>
          </reporter-output>
        </test-method> <!-- tearDown -->
        <test-method is-config="true" signature="setup()[pri:0, instance:com.test.SampleTest@12e61fe6]" started-at="2022-01-05T16:52:36 GMT" name="setup" finished-at="2022-01-05T16:52:40 GMT" duration-ms="4222" status="PASS">
          <reporter-output>
          </reporter-output>
        </test-method> <!-- setup -->
        <test-method signature="testCase3()[pri:0, instance:com.test.SampleTest@12e61fe6]" started-at="2022-01-05T16:52:40 GMT" name="testCase3" finished-at="2022-01-05T16:52:40 GMT" duration-ms="1" status="PASS">
          <reporter-output>
          </reporter-output>
        </test-method> <!-- testCase3 -->
        <test-method is-config="true" signature="tearDown()[pri:0, instance:com.test.SampleTest@12e61fe6]" started-at="2022-01-05T16:52:40 GMT" name="tearDown" finished-at="2022-01-05T16:52:40 GMT" duration-ms="103" status="PASS">
          <reporter-output>
          </reporter-output>
        </test-method> <!-- tearDown -->
      </class> <!-- com.test.SampleTest -->
    </test> <!-- C:/Users/RamanaSametta/IdeaProjects/JenkinDemo2 -->
  </suite> <!-- All Test Suite -->
</testng-results>
